<?xml version="1.0" encoding="UTF-8"?>
<!-- Generated by org.testng.reporters.JUnitXMLReporter -->
<testsuite hostname="EC2AMAZ-0AIJGE2" ignored="0" name="Surefire test" tests="2" failures="2" timestamp="2020-10-21T11:32:39 UTC" time="0.54" errors="0">
  <testcase name="TestAdditionWithPositiveValues" time="0.212" classname="CGIJenkinsBatch.CalculatorApi.TestCalulatorAPI">
    <failure type="java.lang.NullPointerException">
      <![CDATA[java.lang.NullPointerException
at CGIJenkinsBatch.CalculatorApi.TestCalulatorAPI.TestAdditionWithPositiveValues(TestCalulatorAPI.java:25)
at java.util.ArrayList.forEach(ArrayList.java:1259)
... Removed 32 stack frames]]>
    </failure>
  </testcase> <!-- TestAdditionWithPositiveValues -->
  <testcase name="TestAdditionWithZeroValues" time="0.0" classname="CGIJenkinsBatch.CalculatorApi.TestCalulatorAPI">
    <failure type="java.lang.NullPointerException">
      <![CDATA[java.lang.NullPointerException
at CGIJenkinsBatch.CalculatorApi.TestCalulatorAPI.TestAdditionWithZeroValues(TestCalulatorAPI.java:31)
at java.util.ArrayList.forEach(ArrayList.java:1259)
... Removed 32 stack frames]]>
    </failure>
  </testcase> <!-- TestAdditionWithZeroValues -->
</testsuite> <!-- Surefire test -->
