-------------------------------------------------------------------------------
Test set: CGIJenkinsBatch.CalculatorApi.TestCalulatorAPI
-------------------------------------------------------------------------------
Tests run: 2, Failures: 2, Errors: 0, Skipped: 0, Time elapsed: 4.371 s <<< FAILURE! - in CGIJenkinsBatch.CalculatorApi.TestCalulatorAPI
TestAdditionWithPositiveValues(CGIJenkinsBatch.CalculatorApi.TestCalulatorAPI)  Time elapsed: 0.379 s  <<< FAILURE!
java.lang.NullPointerException
	at CGIJenkinsBatch.CalculatorApi.TestCalulatorAPI.TestAdditionWithPositiveValues(TestCalulatorAPI.java:25)

TestAdditionWithZeroValues(CGIJenkinsBatch.CalculatorApi.TestCalulatorAPI)  Time elapsed: 0 s  <<< FAILURE!
java.lang.NullPointerException
	at CGIJenkinsBatch.CalculatorApi.TestCalulatorAPI.TestAdditionWithZeroValues(TestCalulatorAPI.java:31)

