<?xml version="1.0" encoding="UTF-8"?>
<testsuite xmlns:xsi="http://www.w3.org/2001/XMLSchema-instance" xsi:noNamespaceSchemaLocation="https://maven.apache.org/surefire/maven-surefire-plugin/xsd/surefire-test-report.xsd" name="CGIJenkinsBatch.CalculatorApi.TestCalulatorAPI" time="4.371" tests="2" errors="0" skipped="0" failures="2">
  <properties>
[...]
</properties>
  <testcase name="TestAdditionWithPositiveValues" classname="CGIJenkinsBatch.CalculatorApi.TestCalulatorAPI" time="0.379">
    <failure type="java.lang.NullPointerException">java.lang.NullPointerException
	at CGIJenkinsBatch.CalculatorApi.TestCalulatorAPI.TestAdditionWithPositiveValues(TestCalulatorAPI.java:25)
</failure>
  </testcase>
  <testcase name="TestAdditionWithZeroValues" classname="CGIJenkinsBatch.CalculatorApi.TestCalulatorAPI" time="0">
    <failure type="java.lang.NullPointerException">java.lang.NullPointerException
	at CGIJenkinsBatch.CalculatorApi.TestCalulatorAPI.TestAdditionWithZeroValues(TestCalulatorAPI.java:31)
</failure>
  </testcase>
</testsuite>